0 info it worked if it ends with ok
1 verbose cli [ '/Users/dinhquangtrung/.nvm/versions/node/v4.2.3/bin/node',
1 verbose cli   '/Users/dinhquangtrung/.nvm/versions/node/v4.2.3/bin/npm',
1 verbose cli   'version',
1 verbose cli   'patch' ]
2 info using npm@3.5.1
3 info using node@v4.2.3
4 info git [ 'status', '--porcelain' ]
5 verbose stack Error: Git working directory not clean.
5 verbose stack D dist/react-datatable.css
5 verbose stack D dist/react-datatable.js
5 verbose stack D dist/react-datatable.min.css
5 verbose stack D dist/react-datatable.min.js
5 verbose stack M examples/dist/bundle.js
5 verbose stack M examples/dist/common.js
5 verbose stack M examples/dist/demo.js
5 verbose stack M examples/src/app.js
5 verbose stack M examples/src/data-source/CategoryDataSource.js
5 verbose stack M examples/src/data-source/GitHubIssueDataSource.js
5 verbose stack M examples/src/data-source/YoutubeDataSource.js
5 verbose stack M package.json
5 verbose stack     at /Users/dinhquangtrung/.nvm/versions/node/v4.2.3/lib/node_modules/npm/lib/version.js:172:21
5 verbose stack     at ChildProcess.exithandler (child_process.js:194:7)
5 verbose stack     at emitTwo (events.js:87:13)
5 verbose stack     at ChildProcess.emit (events.js:172:7)
5 verbose stack     at maybeClose (internal/child_process.js:818:16)
5 verbose stack     at Socket.<anonymous> (internal/child_process.js:319:11)
5 verbose stack     at emitOne (events.js:77:13)
5 verbose stack     at Socket.emit (events.js:169:7)
5 verbose stack     at Pipe._onclose (net.js:469:12)
6 verbose cwd /Users/dinhquangtrung/Documents/Projects/react-datatable
7 error Darwin 15.2.0
8 error argv "/Users/dinhquangtrung/.nvm/versions/node/v4.2.3/bin/node" "/Users/dinhquangtrung/.nvm/versions/node/v4.2.3/bin/npm" "version" "patch"
9 error node v4.2.3
10 error npm  v3.5.1
11 error Git working directory not clean.
11 error D dist/react-datatable.css
11 error D dist/react-datatable.js
11 error D dist/react-datatable.min.css
11 error D dist/react-datatable.min.js
11 error M examples/dist/bundle.js
11 error M examples/dist/common.js
11 error M examples/dist/demo.js
11 error M examples/src/app.js
11 error M examples/src/data-source/CategoryDataSource.js
11 error M examples/src/data-source/GitHubIssueDataSource.js
11 error M examples/src/data-source/YoutubeDataSource.js
11 error M package.json
12 error If you need help, you may report this error at:
12 error     <https://github.com/npm/npm/issues>
13 verbose exit [ 1, true ]
